D, [2020-05-25T21:55:41.907368 #20396] DEBUG -- :   [1m[35m (13.9ms)[0m  [1m[35mSET NAMES utf8,  @@SESSION.sql_mode = CONCAT(CONCAT(@@sql_mode, ',STRICT_ALL_TABLES'), ',NO_AUTO_VALUE_ON_ZERO'),  @@SESSION.sql_auto_is_null = 0, @@SESSION.wait_timeout = 2147483[0m
D, [2020-05-25T21:55:42.001261 #20396] DEBUG -- :   [1m[35m (2.5ms)[0m  [1m[35mSET NAMES utf8,  @@SESSION.sql_mode = CONCAT(CONCAT(@@sql_mode, ',STRICT_ALL_TABLES'), ',NO_AUTO_VALUE_ON_ZERO'),  @@SESSION.sql_auto_is_null = 0, @@SESSION.wait_timeout = 2147483[0m
D, [2020-05-25T21:55:42.003719 #20396] DEBUG -- :   [1m[35m (1.0ms)[0m  [1m[34mSELECT GET_LOCK('2754433143543187260', 0)[0m
D, [2020-05-25T21:55:42.065696 #20396] DEBUG -- :   [1m[35m (3.2ms)[0m  [1m[34mSELECT `schema_migrations`.`version` FROM `schema_migrations` ORDER BY `schema_migrations`.`version` ASC[0m
D, [2020-05-25T21:55:42.077508 #20396] DEBUG -- :   [1m[36mActiveRecord::InternalMetadata Load (1.4ms)[0m  [1m[34mSELECT `ar_internal_metadata`.* FROM `ar_internal_metadata` WHERE `ar_internal_metadata`.`key` = 'environment' LIMIT 1[0m
D, [2020-05-25T21:55:42.085433 #20396] DEBUG -- :   [1m[35m (0.4ms)[0m  [1m[34mSELECT RELEASE_LOCK('2754433143543187260')[0m
D, [2020-05-25T22:29:42.375519 #24270] DEBUG -- :   [1m[35m (9.0ms)[0m  [1m[35mSET NAMES utf8,  @@SESSION.sql_mode = CONCAT(CONCAT(@@sql_mode, ',STRICT_ALL_TABLES'), ',NO_AUTO_VALUE_ON_ZERO'),  @@SESSION.sql_auto_is_null = 0, @@SESSION.wait_timeout = 2147483[0m
D, [2020-05-25T22:29:42.410163 #24270] DEBUG -- :   [1m[35m (0.7ms)[0m  [1m[35mSET NAMES utf8,  @@SESSION.sql_mode = CONCAT(CONCAT(@@sql_mode, ',STRICT_ALL_TABLES'), ',NO_AUTO_VALUE_ON_ZERO'),  @@SESSION.sql_auto_is_null = 0, @@SESSION.wait_timeout = 2147483[0m
D, [2020-05-25T22:29:42.411124 #24270] DEBUG -- :   [1m[35m (0.2ms)[0m  [1m[34mSELECT GET_LOCK('2754433143543187260', 0)[0m
D, [2020-05-25T22:29:42.432194 #24270] DEBUG -- :   [1m[35m (1.0ms)[0m  [1m[34mSELECT `schema_migrations`.`version` FROM `schema_migrations` ORDER BY `schema_migrations`.`version` ASC[0m
D, [2020-05-25T22:29:42.439830 #24270] DEBUG -- :   [1m[36mActiveRecord::InternalMetadata Load (0.6ms)[0m  [1m[34mSELECT `ar_internal_metadata`.* FROM `ar_internal_metadata` WHERE `ar_internal_metadata`.`key` = 'environment' LIMIT 1[0m
D, [2020-05-25T22:29:42.448318 #24270] DEBUG -- :   [1m[35m (0.3ms)[0m  [1m[34mSELECT RELEASE_LOCK('2754433143543187260')[0m
D, [2020-05-25T22:36:10.873136 #26396] DEBUG -- :   [1m[35m (6.0ms)[0m  [1m[35mSET NAMES utf8,  @@SESSION.sql_mode = CONCAT(CONCAT(@@sql_mode, ',STRICT_ALL_TABLES'), ',NO_AUTO_VALUE_ON_ZERO'),  @@SESSION.sql_auto_is_null = 0, @@SESSION.wait_timeout = 2147483[0m
D, [2020-05-25T22:36:10.908914 #26396] DEBUG -- :   [1m[35m (1.1ms)[0m  [1m[35mSET NAMES utf8,  @@SESSION.sql_mode = CONCAT(CONCAT(@@sql_mode, ',STRICT_ALL_TABLES'), ',NO_AUTO_VALUE_ON_ZERO'),  @@SESSION.sql_auto_is_null = 0, @@SESSION.wait_timeout = 2147483[0m
D, [2020-05-25T22:36:10.910665 #26396] DEBUG -- :   [1m[35m (0.4ms)[0m  [1m[34mSELECT GET_LOCK('2754433143543187260', 0)[0m
D, [2020-05-25T22:36:10.925150 #26396] DEBUG -- :   [1m[35m (0.8ms)[0m  [1m[34mSELECT `schema_migrations`.`version` FROM `schema_migrations` ORDER BY `schema_migrations`.`version` ASC[0m
D, [2020-05-25T22:36:10.931813 #26396] DEBUG -- :   [1m[36mActiveRecord::InternalMetadata Load (0.6ms)[0m  [1m[34mSELECT `ar_internal_metadata`.* FROM `ar_internal_metadata` WHERE `ar_internal_metadata`.`key` = 'environment' LIMIT 1[0m
D, [2020-05-25T22:36:10.937133 #26396] DEBUG -- :   [1m[35m (0.2ms)[0m  [1m[34mSELECT RELEASE_LOCK('2754433143543187260')[0m
D, [2020-05-25T22:40:02.509166 #28258] DEBUG -- :   [1m[35m (7.5ms)[0m  [1m[35mSET NAMES utf8,  @@SESSION.sql_mode = CONCAT(CONCAT(@@sql_mode, ',STRICT_ALL_TABLES'), ',NO_AUTO_VALUE_ON_ZERO'),  @@SESSION.sql_auto_is_null = 0, @@SESSION.wait_timeout = 2147483[0m
D, [2020-05-25T22:40:02.540881 #28258] DEBUG -- :   [1m[35m (1.4ms)[0m  [1m[35mSET NAMES utf8,  @@SESSION.sql_mode = CONCAT(CONCAT(@@sql_mode, ',STRICT_ALL_TABLES'), ',NO_AUTO_VALUE_ON_ZERO'),  @@SESSION.sql_auto_is_null = 0, @@SESSION.wait_timeout = 2147483[0m
D, [2020-05-25T22:40:02.541792 #28258] DEBUG -- :   [1m[35m (0.1ms)[0m  [1m[34mSELECT GET_LOCK('2754433143543187260', 0)[0m
D, [2020-05-25T22:40:02.557832 #28258] DEBUG -- :   [1m[35m (0.5ms)[0m  [1m[34mSELECT `schema_migrations`.`version` FROM `schema_migrations` ORDER BY `schema_migrations`.`version` ASC[0m
D, [2020-05-25T22:40:02.564568 #28258] DEBUG -- :   [1m[36mActiveRecord::InternalMetadata Load (0.4ms)[0m  [1m[34mSELECT `ar_internal_metadata`.* FROM `ar_internal_metadata` WHERE `ar_internal_metadata`.`key` = 'environment' LIMIT 1[0m
D, [2020-05-25T22:40:02.572965 #28258] DEBUG -- :   [1m[35m (0.2ms)[0m  [1m[34mSELECT RELEASE_LOCK('2754433143543187260')[0m
D, [2020-05-25T22:45:31.750401 #30558] DEBUG -- :   [1m[35m (7.4ms)[0m  [1m[35mSET NAMES utf8,  @@SESSION.sql_mode = CONCAT(CONCAT(@@sql_mode, ',STRICT_ALL_TABLES'), ',NO_AUTO_VALUE_ON_ZERO'),  @@SESSION.sql_auto_is_null = 0, @@SESSION.wait_timeout = 2147483[0m
D, [2020-05-25T22:45:31.782640 #30558] DEBUG -- :   [1m[35m (0.7ms)[0m  [1m[35mSET NAMES utf8,  @@SESSION.sql_mode = CONCAT(CONCAT(@@sql_mode, ',STRICT_ALL_TABLES'), ',NO_AUTO_VALUE_ON_ZERO'),  @@SESSION.sql_auto_is_null = 0, @@SESSION.wait_timeout = 2147483[0m
D, [2020-05-25T22:45:31.784177 #30558] DEBUG -- :   [1m[35m (0.2ms)[0m  [1m[34mSELECT GET_LOCK('2754433143543187260', 0)[0m
D, [2020-05-25T22:45:31.801286 #30558] DEBUG -- :   [1m[35m (0.8ms)[0m  [1m[34mSELECT `schema_migrations`.`version` FROM `schema_migrations` ORDER BY `schema_migrations`.`version` ASC[0m
D, [2020-05-25T22:45:31.807744 #30558] DEBUG -- :   [1m[36mActiveRecord::InternalMetadata Load (0.4ms)[0m  [1m[34mSELECT `ar_internal_metadata`.* FROM `ar_internal_metadata` WHERE `ar_internal_metadata`.`key` = 'environment' LIMIT 1[0m
D, [2020-05-25T22:45:31.815829 #30558] DEBUG -- :   [1m[35m (0.4ms)[0m  [1m[34mSELECT RELEASE_LOCK('2754433143543187260')[0m
D, [2020-05-25T22:49:19.020360 #32418] DEBUG -- :   [1m[35m (7.4ms)[0m  [1m[35mSET NAMES utf8,  @@SESSION.sql_mode = CONCAT(CONCAT(@@sql_mode, ',STRICT_ALL_TABLES'), ',NO_AUTO_VALUE_ON_ZERO'),  @@SESSION.sql_auto_is_null = 0, @@SESSION.wait_timeout = 2147483[0m
D, [2020-05-25T22:49:19.060379 #32418] DEBUG -- :   [1m[35m (0.9ms)[0m  [1m[35mSET NAMES utf8,  @@SESSION.sql_mode = CONCAT(CONCAT(@@sql_mode, ',STRICT_ALL_TABLES'), ',NO_AUTO_VALUE_ON_ZERO'),  @@SESSION.sql_auto_is_null = 0, @@SESSION.wait_timeout = 2147483[0m
D, [2020-05-25T22:49:19.061352 #32418] DEBUG -- :   [1m[35m (0.2ms)[0m  [1m[34mSELECT GET_LOCK('2754433143543187260', 0)[0m
D, [2020-05-25T22:49:19.077574 #32418] DEBUG -- :   [1m[35m (0.9ms)[0m  [1m[34mSELECT `schema_migrations`.`version` FROM `schema_migrations` ORDER BY `schema_migrations`.`version` ASC[0m
D, [2020-05-25T22:49:19.083644 #32418] DEBUG -- :   [1m[36mActiveRecord::InternalMetadata Load (0.6ms)[0m  [1m[34mSELECT `ar_internal_metadata`.* FROM `ar_internal_metadata` WHERE `ar_internal_metadata`.`key` = 'environment' LIMIT 1[0m
D, [2020-05-25T22:49:19.089944 #32418] DEBUG -- :   [1m[35m (0.2ms)[0m  [1m[34mSELECT RELEASE_LOCK('2754433143543187260')[0m
D, [2020-05-25T22:52:14.314744 #2150] DEBUG -- :   [1m[35m (7.8ms)[0m  [1m[35mSET NAMES utf8,  @@SESSION.sql_mode = CONCAT(CONCAT(@@sql_mode, ',STRICT_ALL_TABLES'), ',NO_AUTO_VALUE_ON_ZERO'),  @@SESSION.sql_auto_is_null = 0, @@SESSION.wait_timeout = 2147483[0m
D, [2020-05-25T22:52:14.346765 #2150] DEBUG -- :   [1m[35m (0.8ms)[0m  [1m[35mSET NAMES utf8,  @@SESSION.sql_mode = CONCAT(CONCAT(@@sql_mode, ',STRICT_ALL_TABLES'), ',NO_AUTO_VALUE_ON_ZERO'),  @@SESSION.sql_auto_is_null = 0, @@SESSION.wait_timeout = 2147483[0m
D, [2020-05-25T22:52:14.347790 #2150] DEBUG -- :   [1m[35m (0.2ms)[0m  [1m[34mSELECT GET_LOCK('2754433143543187260', 0)[0m
D, [2020-05-25T22:52:14.363666 #2150] DEBUG -- :   [1m[35m (0.6ms)[0m  [1m[34mSELECT `schema_migrations`.`version` FROM `schema_migrations` ORDER BY `schema_migrations`.`version` ASC[0m
D, [2020-05-25T22:52:14.368385 #2150] DEBUG -- :   [1m[36mActiveRecord::InternalMetadata Load (0.6ms)[0m  [1m[34mSELECT `ar_internal_metadata`.* FROM `ar_internal_metadata` WHERE `ar_internal_metadata`.`key` = 'environment' LIMIT 1[0m
D, [2020-05-25T22:52:14.376739 #2150] DEBUG -- :   [1m[35m (0.2ms)[0m  [1m[34mSELECT RELEASE_LOCK('2754433143543187260')[0m
D, [2020-05-25T23:02:22.934044 #6191] DEBUG -- :   [1m[35m (8.1ms)[0m  [1m[35mSET NAMES utf8,  @@SESSION.sql_mode = CONCAT(CONCAT(@@sql_mode, ',STRICT_ALL_TABLES'), ',NO_AUTO_VALUE_ON_ZERO'),  @@SESSION.sql_auto_is_null = 0, @@SESSION.wait_timeout = 2147483[0m
D, [2020-05-25T23:02:22.974923 #6191] DEBUG -- :   [1m[35m (0.6ms)[0m  [1m[35mSET NAMES utf8,  @@SESSION.sql_mode = CONCAT(CONCAT(@@sql_mode, ',STRICT_ALL_TABLES'), ',NO_AUTO_VALUE_ON_ZERO'),  @@SESSION.sql_auto_is_null = 0, @@SESSION.wait_timeout = 2147483[0m
D, [2020-05-25T23:02:22.976282 #6191] DEBUG -- :   [1m[35m (0.2ms)[0m  [1m[34mSELECT GET_LOCK('2754433143543187260', 0)[0m
D, [2020-05-25T23:02:22.998652 #6191] DEBUG -- :   [1m[35m (1.5ms)[0m  [1m[34mSELECT `schema_migrations`.`version` FROM `schema_migrations` ORDER BY `schema_migrations`.`version` ASC[0m
D, [2020-05-25T23:02:23.006537 #6191] DEBUG -- :   [1m[36mActiveRecord::InternalMetadata Load (0.8ms)[0m  [1m[34mSELECT `ar_internal_metadata`.* FROM `ar_internal_metadata` WHERE `ar_internal_metadata`.`key` = 'environment' LIMIT 1[0m
D, [2020-05-25T23:02:23.011187 #6191] DEBUG -- :   [1m[35m (0.2ms)[0m  [1m[34mSELECT RELEASE_LOCK('2754433143543187260')[0m
